
#########
 Beeep0 
###############

ORB-SLAM2 Copyright (C) 2014-2016 Raul Mur-Artal, University of Zaragoza.
This program comes with ABSOLUTELY NO WARRANTY;
This is free software, and you are welcome to redistribute it
under certain conditions. See LICENSE.txt.

Input sensor was set to: Stereo

Loading ORB Vocabulary. This could take a while...
Vocabulary loaded!


Camera Parameters: 
- fx: 721.538
- fy: 721.538
- cx: 609.559
- cy: 172.854
- k1: 0
- k2: 0
- p1: 0
- p2: 0
- fps: 10
- color order: BGR (ignored if grayscale)

ORB Extractor Parameters: 
- Number of Features: 2000
- Scale Levels: 8
- Scale Factor: 1.2
- Initial Fast Threshold: 20
- Minimum Fast Threshold: 7

Depth Threshold (Close/Far Points): 21.486

#########
 Boooop0 
###############

#########
 Beeep init 0 
###############

#########
 Beeep init 1 
###############

#########
 Beeep init 2 
###############


$$$$$$$$$$$$$$$

 MSENSOR
%%%%%%%%%%%%%%%%%1

#########
 Beeep Tracking -1 
###############

#########
 Beeep Tracking 0 
###############

#########
 Beeep Tracking 1 
###############

###############
-1
